2026-04-29 18:13:33,512 - google_trends - INFO - Trnds job started
2026-04-29 18:13:33,750 - google_trends - INFO - Processing group: Trauma_Index
2026-04-29 18:13:34,264 - google_trends - ERROR - Trauma_Index: Google returned 429 (rate limited)
2026-04-29 19:46:17,565 - google_trends - INFO - Trnds job started
2026-04-29 19:46:17,677 - google_trends - INFO - Processing group: Trauma_Index
2026-04-29 19:46:18,098 - google_trends - ERROR - Trauma_Index: Google returned 429 (rate limited)
2026-04-29 21:13:51,476 - google_trends - INFO - Trnds job started
2026-04-29 21:13:51,686 - google_trends - INFO - Processing group: Trauma_Index
2026-04-29 21:13:52,313 - google_trends - INFO - fetched data successfully 
2026-04-29 21:13:57,486 - google_trends - ERROR - Error saving data to MongoDB
2026-04-29 23:02:07,856 - google_trends - INFO - Trnds job started
2026-04-29 23:02:08,173 - google_trends - INFO - Processing group: Trauma_Index
2026-04-29 23:02:09,007 - google_trends - INFO - fetched data successfully 
2026-04-29 23:02:14,366 - google_trends - ERROR - Error saving data to MongoDB
2026-04-30 03:50:12,823 - google_trends - INFO - Trnds job started
2026-04-30 03:50:12,949 - google_trends - INFO - Processing group: Trauma_Index
2026-04-30 03:50:13,271 - google_trends - INFO - fetched data successfully 
2026-04-30 03:50:18,335 - google_trends - ERROR - Error saving data to MongoDB
2026-04-30 06:07:29,042 - google_trends - INFO - Trnds job started
2026-04-30 06:07:29,242 - google_trends - INFO - Processing group: Trauma_Index
2026-04-30 06:07:29,559 - google_trends - ERROR - Trauma_Index: Google returned 429 (rate limited)
